<?xml version="1.0" encoding="UTF-8"?>
<testng-results ignored="0" total="1" passed="1" failed="0" skipped="0">
  <reporter-output>
  </reporter-output>
  <suite started-at="2021-12-11T06:51:52 IST" name="Default suite" finished-at="2021-12-11T06:52:01 IST" duration-ms="9610">
    <groups>
    </groups>
    <test started-at="2021-12-11T06:51:52 IST" name="Default test" finished-at="2021-12-11T06:52:01 IST" duration-ms="9610">
      <class name="PageObjectModel.GoogleSearchTest">
        <test-method is-config="true" signature="launchBrowser()[pri:0, instance:PageObjectModel.GoogleSearchTest@247310d0]" started-at="2021-12-11T06:51:52 IST" name="launchBrowser" finished-at="2021-12-11T06:51:55 IST" duration-ms="3693" status="PASS">
          <reporter-output>
          </reporter-output>
        </test-method> <!-- launchBrowser -->
        <test-method signature="googlesearch()[pri:0, instance:PageObjectModel.GoogleSearchTest@247310d0]" started-at="2021-12-11T06:51:55 IST" name="googlesearch" finished-at="2021-12-11T06:52:01 IST" duration-ms="5637" status="PASS">
          <reporter-output>
          </reporter-output>
        </test-method> <!-- googlesearch -->
        <test-method is-config="true" signature="closeBrowser()[pri:0, instance:PageObjectModel.GoogleSearchTest@247310d0]" started-at="2021-12-11T06:52:01 IST" name="closeBrowser" finished-at="2021-12-11T06:52:01 IST" duration-ms="243" status="PASS">
          <reporter-output>
          </reporter-output>
        </test-method> <!-- closeBrowser -->
      </class> <!-- PageObjectModel.GoogleSearchTest -->
    </test> <!-- Default test -->
  </suite> <!-- Default suite -->
</testng-results>
